<?xml version="1.0" encoding="UTF-8"?>
<testng-results ignored="0" total="1" passed="1" failed="0" skipped="0">
  <reporter-output>
  </reporter-output>
  <suite started-at="2026-04-11T12:25:35 IST" name="Suite" finished-at="2026-04-11T12:26:56 IST" duration-ms="80285">
    <groups>
    </groups>
    <test started-at="2026-04-11T12:25:35 IST" name="Test" finished-at="2026-04-11T12:26:56 IST" duration-ms="80285">
      <class name="campaigntest.singletemplateTestNG">
        <test-method is-config="true" signature="setup()[pri:0, instance:campaigntest.singletemplateTestNG@59fd97a8]" started-at="2026-04-11T12:25:35 IST" name="setup" finished-at="2026-04-11T12:25:41 IST" duration-ms="5738" status="PASS">
          <reporter-output>
          </reporter-output>
        </test-method> <!-- setup -->
        <test-method signature="createCampaignWithTemplate()[pri:0, instance:campaigntest.singletemplateTestNG@59fd97a8]" started-at="2026-04-11T12:25:41 IST" name="createCampaignWithTemplate" finished-at="2026-04-11T12:26:55 IST" duration-ms="74067" status="PASS">
          <reporter-output>
          </reporter-output>
        </test-method> <!-- createCampaignWithTemplate -->
        <test-method is-config="true" signature="tearDown()[pri:0, instance:campaigntest.singletemplateTestNG@59fd97a8]" started-at="2026-04-11T12:26:55 IST" name="tearDown" finished-at="2026-04-11T12:26:56 IST" duration-ms="401" status="PASS">
          <reporter-output>
          </reporter-output>
        </test-method> <!-- tearDown -->
      </class> <!-- campaigntest.singletemplateTestNG -->
    </test> <!-- Test -->
  </suite> <!-- Suite -->
</testng-results>
