<?xml version="1.0" encoding="UTF-8"?>
<testng-results ignored="0" total="1" passed="1" failed="0" skipped="0">
  <reporter-output>
  </reporter-output>
  <suite started-at="2026-04-10T16:47:02 IST" name="Default suite" finished-at="2026-04-10T16:47:55 IST" duration-ms="53568">
    <groups>
    </groups>
    <test started-at="2026-04-10T16:47:02 IST" name="Default test" finished-at="2026-04-10T16:47:55 IST" duration-ms="53568">
      <class name="campaigntest.singletemplateTestNG">
        <test-method is-config="true" signature="setup()[pri:0, instance:campaigntest.singletemplateTestNG@548d708a]" started-at="2026-04-10T16:47:02 IST" name="setup" finished-at="2026-04-10T16:47:05 IST" duration-ms="3401" status="PASS">
          <reporter-output>
          </reporter-output>
        </test-method> <!-- setup -->
        <test-method signature="createCampaignWithTemplate()[pri:0, instance:campaigntest.singletemplateTestNG@548d708a]" started-at="2026-04-10T16:47:05 IST" name="createCampaignWithTemplate" finished-at="2026-04-10T16:47:55 IST" duration-ms="49732" status="PASS">
          <reporter-output>
          </reporter-output>
        </test-method> <!-- createCampaignWithTemplate -->
        <test-method is-config="true" signature="tearDown()[pri:0, instance:campaigntest.singletemplateTestNG@548d708a]" started-at="2026-04-10T16:47:55 IST" name="tearDown" finished-at="2026-04-10T16:47:55 IST" duration-ms="375" status="PASS">
          <reporter-output>
          </reporter-output>
        </test-method> <!-- tearDown -->
      </class> <!-- campaigntest.singletemplateTestNG -->
    </test> <!-- Default test -->
  </suite> <!-- Default suite -->
</testng-results>
